<?xml version="1.0" encoding="UTF-8"?>
<!-- Generated by org.testng.reporters.JUnitReportReporter -->
<testsuite hostname="LAPTOP-PIKOO07N" failures="0" tests="1" name="test.Createpagetest" time="5.050" errors="0" timestamp="2024-11-11T12:57:51 IST" skipped="0">
  <testcase classname="test.Createpagetest" name="testmtd" time="5.050"/>
  <system-out/>
</testsuite> <!-- test.Createpagetest -->
