<?xml version="1.0" encoding="UTF-8"?>
<!-- Generated by org.testng.reporters.JUnitReportReporter -->
<testsuite hostname="LAPTOP-PIKOO07N" failures="0" tests="1" name="testNGpkg.DragDrop" time="1.676" errors="0" timestamp="2024-10-25T10:54:22 IST" skipped="0">
  <testcase classname="testNGpkg.DragDrop" name="test" time="1.676"/>
  <system-out/>
</testsuite> <!-- testNGpkg.DragDrop -->
