<?xml version="1.0" encoding="UTF-8"?>
<!-- Generated by org.testng.reporters.JUnitReportReporter -->
<testsuite hostname="LAPTOP-PIKOO07N" failures="0" tests="1" name="test.FbloginTest" time="0.939" errors="0" timestamp="2024-11-08T13:32:53 IST" skipped="0">
  <testcase classname="test.FbloginTest" name="testlogin" time="0.939"/>
  <system-out/>
</testsuite> <!-- test.FbloginTest -->
