<?xml version="1.0" encoding="UTF-8"?>
<!-- Generated by org.testng.reporters.JUnitReportReporter -->
<testsuite hostname="LAPTOP-PIKOO07N" failures="0" tests="7" name="testNGpkg.Testng_demo" time="0.143" errors="0" timestamp="2024-10-22T14:17:25 IST" skipped="2">
  <testcase classname="testNGpkg.Testng_demo" name="test3" time="0.015"/>
  <system-out/>
  <testcase classname="testNGpkg.Testng_demo" name="test3" time="0.061"/>
  <system-out/>
  <testcase classname="testNGpkg.Testng_demo" name="test3" time="0.024"/>
  <system-out/>
  <testcase classname="testNGpkg.Testng_demo" name="test3" time="0.029"/>
  <system-out/>
  <testcase classname="testNGpkg.Testng_demo" name="test4" time="0.014"/>
  <system-out/>
  <testcase classname="testNGpkg.Testng_demo" name="test2">
    <skipped/>
  </testcase> <!-- test2 -->
  <system-out/>
  <testcase classname="testNGpkg.Testng_demo" name="test1">
    <skipped/>
  </testcase> <!-- test1 -->
  <system-out/>
</testsuite> <!-- testNGpkg.Testng_demo -->
