<?xml version="1.0" encoding="UTF-8"?>
<!-- Generated by org.testng.reporters.JUnitReportReporter -->
<testsuite hostname="LAPTOP-PIKOO07N" failures="0" tests="1" name="testNGpkg.Ebay" time="4.874" errors="0" timestamp="2024-10-24T14:18:20 IST" skipped="0">
  <testcase classname="testNGpkg.Ebay" name="testebay" time="4.874"/>
  <system-out/>
</testsuite> <!-- testNGpkg.Ebay -->
