<?xml version="1.0" encoding="UTF-8"?>
<!-- Generated by org.testng.reporters.JUnitReportReporter -->
<testsuite hostname="LAPTOP-PIKOO07N" failures="0" tests="1" name="testNGpkg.FileUploadSendkeys" time="0.685" errors="0" timestamp="2024-11-27T18:16:21 IST" skipped="0">
  <testcase classname="testNGpkg.FileUploadSendkeys" name="test" time="0.685"/>
  <system-out/>
</testsuite> <!-- testNGpkg.FileUploadSendkeys -->
