<?xml version="1.0" encoding="UTF-8"?>
<!-- Generated by org.testng.reporters.JUnitReportReporter -->
<testsuite hostname="LAPTOP-PIKOO07N" failures="0" tests="1" name="testNGpkg.CopyPaste" time="1.209" errors="0" timestamp="2024-10-23T14:21:57 IST" skipped="0">
  <testcase classname="testNGpkg.CopyPaste" name="test" time="1.209"/>
  <system-out/>
</testsuite> <!-- testNGpkg.CopyPaste -->
