<?xml version="1.0" encoding="UTF-8"?>
<!-- Generated by org.testng.reporters.JUnitReportReporter -->
<testsuite hostname="LAPTOP-PIKOO07N" failures="0" tests="5" name="testNGpkg.GroupingUsingTestng" time="8.707" errors="0" timestamp="2024-10-22T14:17:24 IST" skipped="0">
  <testcase classname="testNGpkg.GroupingUsingTestng" name="logo" time="1.170"/>
  <system-out/>
  <testcase classname="testNGpkg.GroupingUsingTestng" name="no_Link" time="1.072"/>
  <system-out/>
  <testcase classname="testNGpkg.GroupingUsingTestng" name="radio" time="1.257"/>
  <system-out/>
  <testcase classname="testNGpkg.GroupingUsingTestng" name="textVerification" time="1.470"/>
  <system-out/>
  <testcase classname="testNGpkg.GroupingUsingTestng" name="dropdownTest" time="3.738"/>
  <system-out/>
</testsuite> <!-- testNGpkg.GroupingUsingTestng -->
