<?xml version="1.0" encoding="UTF-8"?>
<!-- Generated by org.testng.reporters.JUnitReportReporter -->
<testsuite hostname="LAPTOP-PIKOO07N" failures="0" tests="1" name="testNGpkg.RightclickDoubleclick" time="0.711" errors="0" timestamp="2024-10-24T11:52:10 IST" skipped="0">
  <testcase classname="testNGpkg.RightclickDoubleclick" name="test" time="0.711"/>
  <system-out/>
</testsuite> <!-- testNGpkg.RightclickDoubleclick -->
