<?xml version="1.0" encoding="UTF-8"?>
<!-- Generated by org.testng.reporters.JUnitReportReporter -->
<testsuite hostname="LAPTOP-PIKOO07N" failures="0" tests="1" name="testNGpkg.FileUploadUsingRobotclass" time="4.466" errors="0" timestamp="2024-11-24T17:09:43 IST" skipped="0">
  <testcase classname="testNGpkg.FileUploadUsingRobotclass" name="test" time="4.466"/>
  <system-out/>
</testsuite> <!-- testNGpkg.FileUploadUsingRobotclass -->
