<?xml version="1.0" encoding="UTF-8"?>
<!-- Generated by org.testng.reporters.JUnitReportReporter -->
<testsuite hostname="LAPTOP-PIKOO07N" failures="0" tests="1" name="testNGpkg.Loginurlverification" time="4.232" errors="0" timestamp="2024-11-28T11:05:52 IST" skipped="0">
  <testcase classname="testNGpkg.Loginurlverification" name="test" time="4.232"/>
  <system-out/>
</testsuite> <!-- testNGpkg.Loginurlverification -->
