<?xml version="1.0" encoding="UTF-8"?>
<!-- Generated by org.testng.reporters.JUnitReportReporter -->
<testsuite hostname="LAPTOP-PIKOO07N" failures="0" tests="1" name="testNGpkg.WindowHandle" time="32.785" errors="0" timestamp="2024-11-18T17:20:08 IST" skipped="0">
  <testcase classname="testNGpkg.WindowHandle" name="testmthd" time="32.785"/>
  <system-out/>
</testsuite> <!-- testNGpkg.WindowHandle -->
